0 verbose cli [
0 verbose cli   'C:\\Program Files\\nodejs\\node.exe',
0 verbose cli   'C:\\Users\\Endry Mateo\\AppData\\Roaming\\npm\\node_modules\\npm\\bin\\npm-cli.js',
0 verbose cli   'install',
0 verbose cli   'reat-router-dom'
0 verbose cli ]
1 info using npm@7.6.3
2 info using node@v14.15.2
3 timing config:load:defaults Completed in 5ms
4 timing config:load:file:C:\Users\Endry Mateo\AppData\Roaming\npm\node_modules\npm\npmrc Completed in 5ms
5 timing config:load:builtin Completed in 5ms
6 timing config:load:cli Completed in 6ms
7 timing config:load:env Completed in 1ms
8 timing config:load:file:C:\Users\Endry Mateo\Desktop\React\amazon\.npmrc Completed in 1ms
9 timing config:load:project Completed in 2ms
10 timing config:load:file:C:\Users\Endry Mateo\.npmrc Completed in 3ms
11 timing config:load:user Completed in 3ms
12 timing config:load:file:C:\Users\Endry Mateo\AppData\Roaming\npm\etc\npmrc Completed in 1ms
13 timing config:load:global Completed in 1ms
14 timing config:load:cafile Completed in 1ms
15 timing config:load:validate Completed in 1ms
16 timing config:load:setUserAgent Completed in 2ms
17 timing config:load:setEnvs Completed in 3ms
18 timing config:load Completed in 32ms
19 verbose npm-session 91fe980e505104c8
20 timing npm:load Completed in 71ms
21 timing arborist:ctor Completed in 2ms
22 timing arborist:ctor Completed in 0ms
23 timing idealTree:init Completed in 10182ms
24 timing idealTree:userRequests Completed in 7ms
25 silly idealTree buildDeps
26 silly fetch manifest reat-router-dom@*
27 http fetch GET 404 https://registry.npmjs.org/reat-router-dom 554ms
28 http fetch GET 404 https://registry.npmjs.org/reat-router-dom 105ms
29 silly placeDep ROOT reat-router-dom@ OK for: amazon@0.1.0 want: *
30 timing idealTree:#root Completed in 689ms
31 timing idealTree:node_modules/reat-router-dom Completed in 1ms
32 timing idealTree:buildDeps Completed in 693ms
33 timing idealTree:fixDepFlags Completed in 30ms
34 timing idealTree Completed in 10916ms
35 timing command:install Completed in 10950ms
36 verbose stack Error: 404 Not Found - GET https://registry.npmjs.org/reat-router-dom - Not found
36 verbose stack     at C:\Users\Endry Mateo\AppData\Roaming\npm\node_modules\npm\node_modules\npm-registry-fetch\check-response.js:123:15
36 verbose stack     at processTicksAndRejections (internal/process/task_queues.js:93:5)
36 verbose stack     at async Arborist.[nodeFromEdge] (C:\Users\Endry Mateo\AppData\Roaming\npm\node_modules\npm\node_modules\@npmcli\arborist\lib\arborist\build-ideal-tree.js:892:19)
36 verbose stack     at async Arborist.[buildDepStep] (C:\Users\Endry Mateo\AppData\Roaming\npm\node_modules\npm\node_modules\@npmcli\arborist\lib\arborist\build-ideal-tree.js:838:11)
36 verbose stack     at async Arborist.buildIdealTree (C:\Users\Endry Mateo\AppData\Roaming\npm\node_modules\npm\node_modules\@npmcli\arborist\lib\arborist\build-ideal-tree.js:209:7)
36 verbose stack     at async Promise.all (index 1)
36 verbose stack     at async Arborist.reify (C:\Users\Endry Mateo\AppData\Roaming\npm\node_modules\npm\node_modules\@npmcli\arborist\lib\arborist\reify.js:131:5)
36 verbose stack     at async Install.install (C:\Users\Endry Mateo\AppData\Roaming\npm\node_modules\npm\lib\install.js:120:5)
37 verbose statusCode 404
38 verbose pkgid reat-router-dom@*
39 verbose cwd C:\Users\Endry Mateo\Desktop\React\amazon
40 verbose Windows_NT 10.0.19042
41 verbose argv "C:\\Program Files\\nodejs\\node.exe" "C:\\Users\\Endry Mateo\\AppData\\Roaming\\npm\\node_modules\\npm\\bin\\npm-cli.js" "install" "reat-router-dom"
42 verbose node v14.15.2
43 verbose npm  v7.6.3
44 error code E404
45 error 404 Not Found - GET https://registry.npmjs.org/reat-router-dom - Not found
46 error 404
47 error 404 'reat-router-dom@*' is not in the npm registry.
48 error 404 You should bug the author to publish it (or use the name yourself!)
49 error 404 Note that you can also install from a
50 error 404 tarball, folder, http url, or git url.
51 verbose exit 1
