0 verbose cli [
0 verbose cli   'C:\\Program Files\\nodejs\\node.exe',
0 verbose cli   'C:\\Users\\Endry Mateo\\AppData\\Roaming\\npm\\node_modules\\npm\\bin\\npm-cli.js',
0 verbose cli   'install',
0 verbose cli   'reat-router-dom'
0 verbose cli ]
1 info using npm@7.6.1
2 info using node@v14.15.2
3 timing config:load:defaults Completed in 4ms
4 timing config:load:file:C:\Users\Endry Mateo\AppData\Roaming\npm\node_modules\npm\npmrc Completed in 5ms
5 timing config:load:builtin Completed in 5ms
6 timing config:load:cli Completed in 5ms
7 timing config:load:env Completed in 2ms
8 timing config:load:file:C:\Users\Endry Mateo\Desktop\React\amazon\.npmrc Completed in 1ms
9 timing config:load:project Completed in 2ms
10 timing config:load:file:C:\Users\Endry Mateo\.npmrc Completed in 3ms
11 timing config:load:user Completed in 3ms
12 timing config:load:file:C:\Users\Endry Mateo\AppData\Roaming\npm\etc\npmrc Completed in 1ms
13 timing config:load:global Completed in 1ms
14 timing config:load:cafile Completed in 0ms
15 timing config:load:validate Completed in 2ms
16 timing config:load:setUserAgent Completed in 2ms
17 timing config:load:setEnvs Completed in 2ms
18 timing config:load Completed in 31ms
19 verbose npm-session 9ab983007a461fae
20 timing npm:load Completed in 108ms
21 http fetch GET 304 https://registry.npmjs.org/npm 681ms (from cache)
22 timing arborist:ctor Completed in 2ms
23 timing arborist:ctor Completed in 0ms
24 timing idealTree:init Completed in 11483ms
25 timing idealTree:userRequests Completed in 7ms
26 silly idealTree buildDeps
27 silly fetch manifest reat-router-dom@*
28 http fetch GET 404 https://registry.npmjs.org/reat-router-dom 485ms
29 http fetch GET 404 https://registry.npmjs.org/reat-router-dom 626ms
30 silly placeDep ROOT reat-router-dom@ OK for: amazon@0.1.0 want: *
31 timing idealTree:#root Completed in 1134ms
32 timing idealTree:node_modules/reat-router-dom Completed in 0ms
33 timing idealTree:buildDeps Completed in 1139ms
34 timing idealTree:fixDepFlags Completed in 37ms
35 timing idealTree Completed in 12671ms
36 timing command:install Completed in 12696ms
37 notice [40m[37m[39m[49m
37 notice [40m[37mNew [32mpatch[39m[37m version of npm available! [31m7.6.1[39m[37m -> [32m7.6.3[39m[37m[39m[49m
37 notice [40m[37mChangelog: [36mhttps://github.com/npm/cli/releases/tag/v7.6.3[39m[37m[39m[49m
37 notice [40m[37mRun [32mnpm install -g npm@7.6.3[39m[37m to update![39m[49m
37 notice [40m[37m[39m[49m
38 verbose stack Error: 404 Not Found - GET https://registry.npmjs.org/reat-router-dom - Not found
38 verbose stack     at C:\Users\Endry Mateo\AppData\Roaming\npm\node_modules\npm\node_modules\npm-registry-fetch\check-response.js:123:15
38 verbose stack     at processTicksAndRejections (internal/process/task_queues.js:93:5)
38 verbose stack     at async Arborist.[nodeFromEdge] (C:\Users\Endry Mateo\AppData\Roaming\npm\node_modules\npm\node_modules\@npmcli\arborist\lib\arborist\build-ideal-tree.js:888:19)
38 verbose stack     at async Arborist.[buildDepStep] (C:\Users\Endry Mateo\AppData\Roaming\npm\node_modules\npm\node_modules\@npmcli\arborist\lib\arborist\build-ideal-tree.js:836:11)
38 verbose stack     at async Arborist.buildIdealTree (C:\Users\Endry Mateo\AppData\Roaming\npm\node_modules\npm\node_modules\@npmcli\arborist\lib\arborist\build-ideal-tree.js:209:7)
38 verbose stack     at async Promise.all (index 1)
38 verbose stack     at async Arborist.reify (C:\Users\Endry Mateo\AppData\Roaming\npm\node_modules\npm\node_modules\@npmcli\arborist\lib\arborist\reify.js:130:5)
38 verbose stack     at async Install.install (C:\Users\Endry Mateo\AppData\Roaming\npm\node_modules\npm\lib\install.js:122:5)
39 verbose statusCode 404
40 verbose pkgid reat-router-dom@*
41 verbose cwd C:\Users\Endry Mateo\Desktop\React\amazon
42 verbose Windows_NT 10.0.19042
43 verbose argv "C:\\Program Files\\nodejs\\node.exe" "C:\\Users\\Endry Mateo\\AppData\\Roaming\\npm\\node_modules\\npm\\bin\\npm-cli.js" "install" "reat-router-dom"
44 verbose node v14.15.2
45 verbose npm  v7.6.1
46 error code E404
47 error 404 Not Found - GET https://registry.npmjs.org/reat-router-dom - Not found
48 error 404
49 error 404 'reat-router-dom@*' is not in the npm registry.
50 error 404 You should bug the author to publish it (or use the name yourself!)
51 error 404 Note that you can also install from a
52 error 404 tarball, folder, http url, or git url.
53 verbose exit 1
